<?xml version="1.0" encoding="UTF-8"?>
<testng-results ignored="0" total="1" passed="1" failed="0" skipped="0">
  <reporter-output>
  </reporter-output>
  <suite started-at="2021-08-29T14:26:12Z" name="Default suite" finished-at="2021-08-29T14:26:30Z" duration-ms="18456">
    <groups>
    </groups>
    <test started-at="2021-08-29T14:26:12Z" name="Default test" finished-at="2021-08-29T14:26:30Z" duration-ms="18456">
      <class name="com.herokuapp.theinternet.NegativeTests">
        <test-method signature="incorrectUsernameTest()[pri:0, instance:com.herokuapp.theinternet.NegativeTests@46cdf8bd]" started-at="2021-08-29T14:26:12Z" name="incorrectUsernameTest" finished-at="2021-08-29T14:26:30Z" duration-ms="18444" status="PASS">
          <reporter-output>
          </reporter-output>
        </test-method> <!-- incorrectUsernameTest -->
      </class> <!-- com.herokuapp.theinternet.NegativeTests -->
    </test> <!-- Default test -->
  </suite> <!-- Default suite -->
</testng-results>
