<?xml version="1.0" encoding="UTF-8"?>
<testng-results ignored="0" total="1" passed="1" failed="0" skipped="0">
  <reporter-output>
  </reporter-output>
  <suite started-at="2021-08-29T13:37:20Z" name="Default suite" finished-at="2021-08-29T13:37:42Z" duration-ms="21550">
    <groups>
    </groups>
    <test started-at="2021-08-29T13:37:20Z" name="Default test" finished-at="2021-08-29T13:37:42Z" duration-ms="21550">
      <class name="com.herokuapp.theinternet.PostiveTests">
        <test-method signature="loginTest()[pri:0, instance:com.herokuapp.theinternet.PostiveTests@46cdf8bd]" started-at="2021-08-29T13:37:20Z" name="loginTest" finished-at="2021-08-29T13:37:42Z" duration-ms="21538" status="PASS">
          <reporter-output>
          </reporter-output>
        </test-method> <!-- loginTest -->
      </class> <!-- com.herokuapp.theinternet.PostiveTests -->
    </test> <!-- Default test -->
  </suite> <!-- Default suite -->
</testng-results>
